生成启动时间为 2016/10/18 星期二 下午 23:04:42。
     1>项目“D:\Github\airCraftGame\airCraftGame\airCraftGame\airCraftGame.vcxproj”在节点 2 上(Build 个目标)。
     1>ClCompile:
         D:\应用软件\Microsoft Visual Studio 12.0\VC\bin\CL.exe /c /ZI /nologo /W3 /WX- /sdl /Od /Oy- /D WIN32 /D _DEBUG /D _CONSOLE /D _LIB /D _UNICODE /D UNICODE /Gm /EHsc /RTC1 /MDd /GS /fp:precise /Zc:wchar_t /Zc:forScope /Fo"Debug\\" /Fd"Debug\vc120.pdb" /Gd /TP /analyze- /errorReport:prompt MyBullet.cpp enemy.cpp main.cpp plane.cpp ui.cpp
         plane.cpp
         enemy.cpp
         正在生成代码...
         正在跳过...(未检测到相关更改)
         ui.cpp
         main.cpp
         MyBullet.cpp
       Link:
         D:\应用软件\Microsoft Visual Studio 12.0\VC\bin\link.exe /ERRORREPORT:PROMPT /OUT:"D:\Github\airCraftGame\airCraftGame\Debug\airCraftGame.exe" /INCREMENTAL /NOLOGO kernel32.lib user32.lib gdi32.lib winspool.lib comdlg32.lib advapi32.lib shell32.lib ole32.lib oleaut32.lib uuid.lib odbc32.lib odbccp32.lib /MANIFEST /MANIFESTUAC:"level='asInvoker' uiAccess='false'" /manifest:embed /DEBUG /PDB:"D:\Github\airCraftGame\airCraftGame\Debug\airCraftGame.pdb" /SUBSYSTEM:CONSOLE /TLBID:1 /DYNAMICBASE /NXCOMPAT /IMPLIB:"D:\Github\airCraftGame\airCraftGame\Debug\airCraftGame.lib" /MACHINE:X86 Debug\enemy.obj
         Debug\control.obj
         Debug\main.obj
         Debug\MyBullet.obj
         Debug\plane.obj
         Debug\ui.obj
         airCraftGame.vcxproj -> D:\Github\airCraftGame\airCraftGame\Debug\airCraftGame.exe
     1>已完成生成项目“D:\Github\airCraftGame\airCraftGame\airCraftGame\airCraftGame.vcxproj”(Build 个目标)的操作。

生成成功。

已用时间 00:00:22.12
